<?xml version="1.0" encoding="UTF-8"?>
<!-- Generated by org.testng.reporters.JUnitXMLReporter -->
<testsuite ignored="0" hostname="LP-5CG02385SG" failures="3" tests="3" name="Test" time="53.235" errors="0" timestamp="20 Jun 2022 05:40:25 GMT">
  <testcase classname="com.qa.PMSMART.tests.HomePageTest" name="@AfterTest teardown" time="0.001">
    <failure type="java.lang.NullPointerException" message="Cannot invoke &amp;quot;com.microsoft.playwright.Page.context()&amp;quot; because &amp;quot;this.page&amp;quot; is null">
      <![CDATA[java.lang.NullPointerException: Cannot invoke "com.microsoft.playwright.Page.context()" because "this.page" is null
at com.qa.PMSMART.tests.HomePageTest.teardown(HomePageTest.java:52)
... Removed 22 stack frames]]>
    </failure>
  </testcase> <!-- @AfterTest teardown -->
  <testcase classname="com.qa.PMSMART.tests.HomePageTest" name="homePageTitleTest" time="0.023">
    <failure type="java.lang.NullPointerException" message="Cannot invoke &amp;quot;com.microsoft.playwright.Page.title()&amp;quot; because &amp;quot;this.page&amp;quot; is null">
      <![CDATA[java.lang.NullPointerException: Cannot invoke "com.microsoft.playwright.Page.title()" because "this.page" is null
at com.qa.PMSMART.pages.HomePage.getHomePageTitle(HomePage.java:24)
at com.qa.PMSMART.tests.HomePageTest.homePageTitleTest(HomePageTest.java:31)
... Removed 23 stack frames]]>
    </failure>
  </testcase> <!-- homePageTitleTest -->
  <testcase classname="com.qa.PMSMART.tests.HomePageTest" name="homePageURLTest" time="0.004">
    <failure type="java.lang.NullPointerException" message="Cannot invoke &amp;quot;com.microsoft.playwright.Page.url()&amp;quot; because &amp;quot;this.page&amp;quot; is null">
      <![CDATA[java.lang.NullPointerException: Cannot invoke "com.microsoft.playwright.Page.url()" because "this.page" is null
at com.qa.PMSMART.pages.HomePage.getHomeURL(HomePage.java:30)
at com.qa.PMSMART.tests.HomePageTest.homePageURLTest(HomePageTest.java:38)
... Removed 23 stack frames]]>
    </failure>
  </testcase> <!-- homePageURLTest -->
  <testcase classname="com.qa.PMSMART.tests.HomePageTest" name="searchTest" time="0.004">
    <failure type="java.lang.NullPointerException" message="Cannot invoke &amp;quot;com.microsoft.playwright.Page.fill(String, String)&amp;quot; because &amp;quot;this.page&amp;quot; is null">
      <![CDATA[java.lang.NullPointerException: Cannot invoke "com.microsoft.playwright.Page.fill(String, String)" because "this.page" is null
at com.qa.PMSMART.pages.HomePage.doSearch(HomePage.java:36)
at com.qa.PMSMART.tests.HomePageTest.searchTest(HomePageTest.java:45)
... Removed 23 stack frames]]>
    </failure>
  </testcase> <!-- searchTest -->
</testsuite> <!-- Test -->
